<component name="libraryTable">
  <library name="junit-4.12_a67479aa">
    <CLASSES>
      <root url="jar:///private/var/tmp/_bazel_uri/7bde737889b15abf37c98f26391678a8/external/junit/junit-4.12.jar!/" />
    </CLASSES>
    <JAVADOC />
    <SOURCES />
  </library>
</component>